//anaconda3/lib/python3.7/site-packages/visdom/server.py:39: DeprecationWarning: zmq.eventloop.ioloop is deprecated in pyzmq 17. pyzmq now works with default tornado and asyncio eventloops.
  ioloop.install()  # Needs to happen before any tornado imports!
INFO:root:Application Started
INFO:tornado.access:200 POST /env/Caption_generator (::1) 1.74ms
INFO:tornado.access:200 POST /events (::1) 1.18ms
INFO:tornado.access:200 POST /win_exists (::1) 0.38ms
INFO:tornado.access:200 POST /update (::1) 1.14ms
INFO:tornado.access:200 GET / (::1) 23.86ms
INFO:tornado.access:200 GET /static/css/bootstrap.min.css?v=ec3bb52a00e176a7181d454dffaea219 (::1) 9.72ms
INFO:tornado.access:200 GET /static/css/react-grid-layout-styles.css?v=7dc8934d2f9ac5303b8f0bb1148152a0 (::1) 1.67ms
INFO:tornado.access:200 GET /static/css/style.css?v=fb4729780f2360ef5d3dba13f8ff2873 (::1) 2.02ms
INFO:tornado.access:200 GET /static/css/react-resizable-styles.css?v=9f91a8dbf4d8f7ef1399e625660405f4 (::1) 2.32ms
INFO:tornado.access:200 GET /static/js/jquery.min.js?v=e071abda8fe61194711cfc2ab99fe104 (::1) 3.46ms
INFO:tornado.access:200 GET /static/js/bootstrap.min.js?v=5869c96cc8f19086aee625d670d741f9 (::1) 4.21ms
INFO:tornado.access:200 GET /static/js/react-react.min.js?v=bca103da5b5404d93783ccf73e0e9d1e (::1) 4.38ms
INFO:tornado.access:200 GET /static/js/react-dom.min.js?v=950495cc51ccb90612cf0fe0bb44f8f3 (::1) 5.45ms
INFO:tornado.access:200 GET /static/js/layout_bin_packer.js?v=6c46683ed70fbb1443caf3531243836d (::1) 1.43ms
INFO:tornado.access:200 GET /static/js/mathjax-MathJax.js?v=49565b9ce89c64da075a5a39969b366e (::1) 7.88ms
INFO:tornado.access:200 GET /static/js/main.js?v=47fc3afa811b358b354df09184e392e7 (::1) 30.87ms
INFO:tornado.access:200 GET /static/js/plotly-plotly.min.js?v=228e7c114953a7c11c61ded582da09c7 (::1) 82.66ms
INFO:tornado.access:101 GET /socket (::1) 1.52ms
INFO:root:Opened new socket from ip: ::1
INFO:tornado.access:200 GET /static/fonts/glyphicons-halflings-regular.woff2 (::1) 1.39ms
INFO:tornado.access:200 POST /env/Caption_generator (::1) 1.23ms
INFO:tornado.access:200 POST /env/Caption_generator (::1) 0.87ms
INFO:tornado.access:200 GET /favicon.png (::1) 13.20ms
INFO:tornado.access:200 GET /extensions/MathMenu.js?V=2.7.1 (::1) 13.02ms
INFO:tornado.access:200 GET /extensions/MathZoom.js?V=2.7.1 (::1) 12.53ms
INFO:tornado.access:200 POST /win_exists (::1) 0.41ms
INFO:tornado.access:200 POST /update (::1) 0.91ms
INFO:tornado.access:200 POST /env/Caption_generator (::1) 0.39ms
INFO:tornado.access:200 POST /env/Caption_generator (::1) 0.36ms
INFO:tornado.access:200 POST /env/Caption_generator (::1) 0.32ms
INFO:tornado.access:200 POST /env/Caption_generator (::1) 0.33ms
INFO:tornado.access:200 POST /env/Caption_generator (::1) 0.33ms
INFO:tornado.access:200 POST /env/Caption_generator (::1) 0.31ms
INFO:tornado.access:200 POST /env/Caption_generator (::1) 0.48ms
INFO:tornado.access:200 POST /env/Caption_generator (::1) 0.34ms
INFO:tornado.access:200 POST /env/Caption_generator (::1) 0.32ms
INFO:tornado.access:200 POST /env/Caption_generator (::1) 0.33ms
INFO:tornado.access:200 POST /env/Caption_generator (::1) 0.36ms
INFO:tornado.access:200 POST /events (::1) 0.60ms
INFO:tornado.access:200 POST /env/Caption_generator (::1) 0.31ms
INFO:tornado.access:200 POST /events (::1) 0.57ms
INFO:tornado.access:200 POST /env/Caption_generator (::1) 0.34ms
INFO:tornado.access:200 POST /events (::1) 0.62ms
